c:\users\math\documents\visual studio 2015\projects\gk_lab_7\gk_lab_7\freetype-2.4.0\objs\debug_mt\freetype.pdb
c:\users\math\documents\visual studio 2015\projects\gk_lab_7\gk_lab_7\freetype-2.4.0\objs\debug_mt\ftxf86.obj
c:\users\math\documents\visual studio 2015\projects\gk_lab_7\gk_lab_7\freetype-2.4.0\objs\debug_mt\ftwinfnt.obj
c:\users\math\documents\visual studio 2015\projects\gk_lab_7\gk_lab_7\freetype-2.4.0\objs\debug_mt\fttype1.obj
c:\users\math\documents\visual studio 2015\projects\gk_lab_7\gk_lab_7\freetype-2.4.0\objs\debug_mt\ftsystem.obj
c:\users\math\documents\visual studio 2015\projects\gk_lab_7\gk_lab_7\freetype-2.4.0\objs\debug_mt\ftsynth.obj
c:\users\math\documents\visual studio 2015\projects\gk_lab_7\gk_lab_7\freetype-2.4.0\objs\debug_mt\ftstroke.obj
c:\users\math\documents\visual studio 2015\projects\gk_lab_7\gk_lab_7\freetype-2.4.0\objs\debug_mt\ftpfr.obj
c:\users\math\documents\visual studio 2015\projects\gk_lab_7\gk_lab_7\freetype-2.4.0\objs\debug_mt\ftpatent.obj
c:\users\math\documents\visual studio 2015\projects\gk_lab_7\gk_lab_7\freetype-2.4.0\objs\debug_mt\ftotval.obj
c:\users\math\documents\visual studio 2015\projects\gk_lab_7\gk_lab_7\freetype-2.4.0\objs\debug_mt\ftmm.obj
c:\users\math\documents\visual studio 2015\projects\gk_lab_7\gk_lab_7\freetype-2.4.0\objs\debug_mt\ftlcdfil.obj
c:\users\math\documents\visual studio 2015\projects\gk_lab_7\gk_lab_7\freetype-2.4.0\objs\debug_mt\ftinit.obj
c:\users\math\documents\visual studio 2015\projects\gk_lab_7\gk_lab_7\freetype-2.4.0\objs\debug_mt\ftgxval.obj
c:\users\math\documents\visual studio 2015\projects\gk_lab_7\gk_lab_7\freetype-2.4.0\objs\debug_mt\ftglyph.obj
c:\users\math\documents\visual studio 2015\projects\gk_lab_7\gk_lab_7\freetype-2.4.0\objs\debug_mt\ftgasp.obj
c:\users\math\documents\visual studio 2015\projects\gk_lab_7\gk_lab_7\freetype-2.4.0\objs\debug_mt\ftfstype.obj
c:\users\math\documents\visual studio 2015\projects\gk_lab_7\gk_lab_7\freetype-2.4.0\objs\debug_mt\ftbitmap.obj
c:\users\math\documents\visual studio 2015\projects\gk_lab_7\gk_lab_7\freetype-2.4.0\objs\debug_mt\ftbbox.obj
c:\users\math\documents\visual studio 2015\projects\gk_lab_7\gk_lab_7\freetype-2.4.0\objs\debug_mt\ftbase.obj
c:\users\math\documents\visual studio 2015\projects\gk_lab_7\gk_lab_7\freetype-2.4.0\objs\debug_mt\autofit.obj
c:\users\math\documents\visual studio 2015\projects\gk_lab_7\gk_lab_7\freetype-2.4.0\objs\debug_mt\winfnt.obj
c:\users\math\documents\visual studio 2015\projects\gk_lab_7\gk_lab_7\freetype-2.4.0\objs\debug_mt\type42.obj
c:\users\math\documents\visual studio 2015\projects\gk_lab_7\gk_lab_7\freetype-2.4.0\objs\debug_mt\type1.obj
c:\users\math\documents\visual studio 2015\projects\gk_lab_7\gk_lab_7\freetype-2.4.0\objs\debug_mt\truetype.obj
c:\users\math\documents\visual studio 2015\projects\gk_lab_7\gk_lab_7\freetype-2.4.0\objs\debug_mt\smooth.obj
c:\users\math\documents\visual studio 2015\projects\gk_lab_7\gk_lab_7\freetype-2.4.0\objs\debug_mt\sfnt.obj
c:\users\math\documents\visual studio 2015\projects\gk_lab_7\gk_lab_7\freetype-2.4.0\objs\debug_mt\raster.obj
c:\users\math\documents\visual studio 2015\projects\gk_lab_7\gk_lab_7\freetype-2.4.0\objs\debug_mt\psmodule.obj
c:\users\math\documents\visual studio 2015\projects\gk_lab_7\gk_lab_7\freetype-2.4.0\objs\debug_mt\pshinter.obj
c:\users\math\documents\visual studio 2015\projects\gk_lab_7\gk_lab_7\freetype-2.4.0\objs\debug_mt\psaux.obj
c:\users\math\documents\visual studio 2015\projects\gk_lab_7\gk_lab_7\freetype-2.4.0\objs\debug_mt\pfr.obj
c:\users\math\documents\visual studio 2015\projects\gk_lab_7\gk_lab_7\freetype-2.4.0\objs\debug_mt\pcf.obj
c:\users\math\documents\visual studio 2015\projects\gk_lab_7\gk_lab_7\freetype-2.4.0\objs\debug_mt\ftlzw.obj
c:\users\math\documents\visual studio 2015\projects\gk_lab_7\gk_lab_7\freetype-2.4.0\objs\debug_mt\ftgzip.obj
c:\users\math\documents\visual studio 2015\projects\gk_lab_7\gk_lab_7\freetype-2.4.0\objs\debug_mt\type1cid.obj
c:\users\math\documents\visual studio 2015\projects\gk_lab_7\gk_lab_7\freetype-2.4.0\objs\debug_mt\cff.obj
c:\users\math\documents\visual studio 2015\projects\gk_lab_7\gk_lab_7\freetype-2.4.0\objs\debug_mt\ftcache.obj
c:\users\math\documents\visual studio 2015\projects\gk_lab_7\gk_lab_7\freetype-2.4.0\objs\debug_mt\bdf.obj
c:\users\math\documents\visual studio 2015\projects\gk_lab_7\gk_lab_7\freetype-2.4.0\objs\debug_mt\ftdebug.obj
c:\users\math\documents\visual studio 2015\projects\gk_lab_7\gk_lab_7\freetype-2.4.0\objs\win32\vc2008\freetype240mt_d.lib
c:\users\math\documents\visual studio 2015\projects\gk_lab_7\gk_lab_7\freetype-2.4.0\objs\debug_mt\freetype.tlog\cl.command.1.tlog
c:\users\math\documents\visual studio 2015\projects\gk_lab_7\gk_lab_7\freetype-2.4.0\objs\debug_mt\freetype.tlog\cl.read.1.tlog
c:\users\math\documents\visual studio 2015\projects\gk_lab_7\gk_lab_7\freetype-2.4.0\objs\debug_mt\freetype.tlog\cl.write.1.tlog
c:\users\math\documents\visual studio 2015\projects\gk_lab_7\gk_lab_7\freetype-2.4.0\objs\debug_mt\freetype.tlog\lib-link.read.1.tlog
c:\users\math\documents\visual studio 2015\projects\gk_lab_7\gk_lab_7\freetype-2.4.0\objs\debug_mt\freetype.tlog\lib-link.write.1.tlog
c:\users\math\documents\visual studio 2015\projects\gk_lab_7\gk_lab_7\freetype-2.4.0\objs\debug_mt\freetype.tlog\lib.command.1.tlog
c:\users\math\documents\visual studio 2015\projects\gk_lab_7\gk_lab_7\freetype-2.4.0\objs\debug_mt\freetype.tlog\.\..\..\..\objs\debug_mt\freetype.pdb
